app/build/intermediates/manifest_merge_blame_file/debug/manifest-merger-blame-debug-report.txt
1<?xml version="1.0" encoding="utf-8"?>
2<manifest xmlns:android="http://schemas.android.com/apk/res/android"
3    package="com.example.easygo"
4    android:versionCode="1"
5    android:versionName="1.0" >
6
7    <uses-sdk
8        android:minSdkVersion="27"
9        android:targetSdkVersion="34" />
10    <!-- <uses-permission android:name="com.android.alarm.permission.SET_ALARM" /> -->
11    <!-- <uses-permission android:name="android.permission.WAKE_LOCK" /> -->
12    <uses-permission android:name="android.permission.INTERNET" />
12-->src\main\AndroidManifest.xml:6:5-67
12-->src\main\AndroidManifest.xml:6:22-64
13    <uses-permission android:name="android.permission.ACCESS_NETWORK_STATE" />
13-->[com.google.firebase:firebase-auth:23.0.0] AndroidManifest.xml:26:5-79
13-->[com.google.firebase:firebase-auth:23.0.0] AndroidManifest.xml:26:22-76
14    <uses-permission android:name="com.google.android.providers.gsf.permission.READ_GSERVICES" />
14-->[com.google.android.recaptcha:recaptcha:18.4.0] AndroidManifest.xml:9:5-98
14-->[com.google.android.recaptcha:recaptcha:18.4.0] AndroidManifest.xml:9:22-95
15
16    <permission
16-->[androidx.core:core:1.13.0] AndroidManifest.xml:22:5-24:47
17        android:name="com.example.easygo.DYNAMIC_RECEIVER_NOT_EXPORTED_PERMISSION"
17-->[androidx.core:core:1.13.0] AndroidManifest.xml:23:9-81
18        android:protectionLevel="signature" />
18-->[androidx.core:core:1.13.0] AndroidManifest.xml:24:9-44
19
20    <uses-permission android:name="com.example.easygo.DYNAMIC_RECEIVER_NOT_EXPORTED_PERMISSION" />
20-->[androidx.core:core:1.13.0] AndroidManifest.xml:26:5-97
20-->[androidx.core:core:1.13.0] AndroidManifest.xml:26:22-94
21
22    <application
22-->src\main\AndroidManifest.xml:8:5-37:19
23        android:allowBackup="true"
23-->src\main\AndroidManifest.xml:9:9-35
24        android:appComponentFactory="androidx.core.app.CoreComponentFactory"
24-->[androidx.core:core:1.13.0] AndroidManifest.xml:28:18-86
25        android:dataExtractionRules="@xml/data_extraction_rules"
25-->src\main\AndroidManifest.xml:10:9-65
26        android:debuggable="true"
27        android:extractNativeLibs="false"
28        android:fullBackupContent="@xml/backup_rules"
28-->src\main\AndroidManifest.xml:11:9-54
29        android:icon="@mipmap/ic_new"
29-->src\main\AndroidManifest.xml:12:9-38
30        android:label="@string/app_name"
30-->src\main\AndroidManifest.xml:13:9-41
31        android:roundIcon="@mipmap/ic_new_round"
31-->src\main\AndroidManifest.xml:14:9-49
32        android:supportsRtl="true"
32-->src\main\AndroidManifest.xml:15:9-35
33        android:testOnly="true"
34        android:theme="@style/Theme.EasyGo" >
34-->src\main\AndroidManifest.xml:16:9-44
35        <activity
35-->src\main\AndroidManifest.xml:19:9-21:40
36            android:name="com.example.easygo.AddTaskActivity"
36-->src\main\AndroidManifest.xml:20:13-44
37            android:exported="false" />
37-->src\main\AndroidManifest.xml:21:13-37
38        <activity
38-->src\main\AndroidManifest.xml:22:9-24:39
39            android:name="com.example.easygo.LoginActivity"
39-->src\main\AndroidManifest.xml:23:13-42
40            android:exported="true" />
40-->src\main\AndroidManifest.xml:24:13-36
41        <activity
41-->src\main\AndroidManifest.xml:25:9-27:40
42            android:name="com.example.easygo.MainActivity"
42-->src\main\AndroidManifest.xml:26:13-41
43            android:exported="false" />
43-->src\main\AndroidManifest.xml:27:13-37
44        <activity
44-->src\main\AndroidManifest.xml:28:9-36:20
45            android:name="com.example.easygo.SplashActivity"
45-->src\main\AndroidManifest.xml:29:13-43
46            android:exported="true" >
46-->src\main\AndroidManifest.xml:30:13-36
47            <intent-filter>
47-->src\main\AndroidManifest.xml:31:13-35:29
48                <action android:name="android.intent.action.MAIN" />
48-->src\main\AndroidManifest.xml:32:17-69
48-->src\main\AndroidManifest.xml:32:25-66
49
50                <category android:name="android.intent.category.LAUNCHER" />
50-->src\main\AndroidManifest.xml:34:17-77
50-->src\main\AndroidManifest.xml:34:27-74
51            </intent-filter>
52        </activity>
53        <activity
53-->[com.google.firebase:firebase-auth:23.0.0] AndroidManifest.xml:29:9-46:20
54            android:name="com.google.firebase.auth.internal.GenericIdpActivity"
54-->[com.google.firebase:firebase-auth:23.0.0] AndroidManifest.xml:30:13-80
55            android:excludeFromRecents="true"
55-->[com.google.firebase:firebase-auth:23.0.0] AndroidManifest.xml:31:13-46
56            android:exported="true"
56-->[com.google.firebase:firebase-auth:23.0.0] AndroidManifest.xml:32:13-36
57            android:launchMode="singleTask"
57-->[com.google.firebase:firebase-auth:23.0.0] AndroidManifest.xml:33:13-44
58            android:theme="@android:style/Theme.Translucent.NoTitleBar" >
58-->[com.google.firebase:firebase-auth:23.0.0] AndroidManifest.xml:34:13-72
59            <intent-filter>
59-->[com.google.firebase:firebase-auth:23.0.0] AndroidManifest.xml:35:13-45:29
60                <action android:name="android.intent.action.VIEW" />
60-->[com.google.firebase:firebase-auth:23.0.0] AndroidManifest.xml:36:17-69
60-->[com.google.firebase:firebase-auth:23.0.0] AndroidManifest.xml:36:25-66
61
62                <category android:name="android.intent.category.DEFAULT" />
62-->[com.google.firebase:firebase-auth:23.0.0] AndroidManifest.xml:38:17-76
62-->[com.google.firebase:firebase-auth:23.0.0] AndroidManifest.xml:38:27-73
63                <category android:name="android.intent.category.BROWSABLE" />
63-->[com.google.firebase:firebase-auth:23.0.0] AndroidManifest.xml:39:17-78
63-->[com.google.firebase:firebase-auth:23.0.0] AndroidManifest.xml:39:27-75
64
65                <data
65-->[com.google.firebase:firebase-auth:23.0.0] AndroidManifest.xml:41:17-44:51
66                    android:host="firebase.auth"
66-->[com.google.firebase:firebase-auth:23.0.0] AndroidManifest.xml:42:21-49
67                    android:path="/"
67-->[com.google.firebase:firebase-auth:23.0.0] AndroidManifest.xml:43:21-37
68                    android:scheme="genericidp" />
68-->[com.google.firebase:firebase-auth:23.0.0] AndroidManifest.xml:44:21-48
69            </intent-filter>
70        </activity>
71        <activity
71-->[com.google.firebase:firebase-auth:23.0.0] AndroidManifest.xml:47:9-64:20
72            android:name="com.google.firebase.auth.internal.RecaptchaActivity"
72-->[com.google.firebase:firebase-auth:23.0.0] AndroidManifest.xml:48:13-79
73            android:excludeFromRecents="true"
73-->[com.google.firebase:firebase-auth:23.0.0] AndroidManifest.xml:49:13-46
74            android:exported="true"
74-->[com.google.firebase:firebase-auth:23.0.0] AndroidManifest.xml:50:13-36
75            android:launchMode="singleTask"
75-->[com.google.firebase:firebase-auth:23.0.0] AndroidManifest.xml:51:13-44
76            android:theme="@android:style/Theme.Translucent.NoTitleBar" >
76-->[com.google.firebase:firebase-auth:23.0.0] AndroidManifest.xml:52:13-72
77            <intent-filter>
77-->[com.google.firebase:firebase-auth:23.0.0] AndroidManifest.xml:53:13-63:29
78                <action android:name="android.intent.action.VIEW" />
78-->[com.google.firebase:firebase-auth:23.0.0] AndroidManifest.xml:36:17-69
78-->[com.google.firebase:firebase-auth:23.0.0] AndroidManifest.xml:36:25-66
79
80                <category android:name="android.intent.category.DEFAULT" />
80-->[com.google.firebase:firebase-auth:23.0.0] AndroidManifest.xml:38:17-76
80-->[com.google.firebase:firebase-auth:23.0.0] AndroidManifest.xml:38:27-73
81                <category android:name="android.intent.category.BROWSABLE" />
81-->[com.google.firebase:firebase-auth:23.0.0] AndroidManifest.xml:39:17-78
81-->[com.google.firebase:firebase-auth:23.0.0] AndroidManifest.xml:39:27-75
82
83                <data
83-->[com.google.firebase:firebase-auth:23.0.0] AndroidManifest.xml:41:17-44:51
84                    android:host="firebase.auth"
84-->[com.google.firebase:firebase-auth:23.0.0] AndroidManifest.xml:42:21-49
85                    android:path="/"
85-->[com.google.firebase:firebase-auth:23.0.0] AndroidManifest.xml:43:21-37
86                    android:scheme="recaptcha" />
86-->[com.google.firebase:firebase-auth:23.0.0] AndroidManifest.xml:44:21-48
87            </intent-filter>
88        </activity>
89
90        <service
90-->[com.google.firebase:firebase-auth:23.0.0] AndroidManifest.xml:66:9-72:19
91            android:name="com.google.firebase.components.ComponentDiscoveryService"
91-->[com.google.firebase:firebase-auth:23.0.0] AndroidManifest.xml:67:13-84
92            android:directBootAware="true"
92-->[com.google.firebase:firebase-common:21.0.0] AndroidManifest.xml:32:13-43
93            android:exported="false" >
93-->[com.google.firebase:firebase-auth:23.0.0] AndroidManifest.xml:68:13-37
94            <meta-data
94-->[com.google.firebase:firebase-auth:23.0.0] AndroidManifest.xml:69:13-71:85
95                android:name="com.google.firebase.components:com.google.firebase.auth.FirebaseAuthRegistrar"
95-->[com.google.firebase:firebase-auth:23.0.0] AndroidManifest.xml:70:17-109
96                android:value="com.google.firebase.components.ComponentRegistrar" />
96-->[com.google.firebase:firebase-auth:23.0.0] AndroidManifest.xml:71:17-82
97            <meta-data
97-->[com.google.firebase:firebase-common-ktx:21.0.0] AndroidManifest.xml:12:13-14:85
98                android:name="com.google.firebase.components:com.google.firebase.ktx.FirebaseCommonLegacyRegistrar"
98-->[com.google.firebase:firebase-common-ktx:21.0.0] AndroidManifest.xml:13:17-116
99                android:value="com.google.firebase.components.ComponentRegistrar" />
99-->[com.google.firebase:firebase-common-ktx:21.0.0] AndroidManifest.xml:14:17-82
100            <meta-data
100-->[com.google.firebase:firebase-common:21.0.0] AndroidManifest.xml:35:13-37:85
101                android:name="com.google.firebase.components:com.google.firebase.FirebaseCommonKtxRegistrar"
101-->[com.google.firebase:firebase-common:21.0.0] AndroidManifest.xml:36:17-109
102                android:value="com.google.firebase.components.ComponentRegistrar" />
102-->[com.google.firebase:firebase-common:21.0.0] AndroidManifest.xml:37:17-82
103        </service>
104        <service
104-->[androidx.credentials:credentials-play-services-auth:1.2.0-rc01] AndroidManifest.xml:24:9-32:19
105            android:name="androidx.credentials.playservices.CredentialProviderMetadataHolder"
105-->[androidx.credentials:credentials-play-services-auth:1.2.0-rc01] AndroidManifest.xml:25:13-94
106            android:enabled="true"
106-->[androidx.credentials:credentials-play-services-auth:1.2.0-rc01] AndroidManifest.xml:26:13-35
107            android:exported="false" >
107-->[androidx.credentials:credentials-play-services-auth:1.2.0-rc01] AndroidManifest.xml:27:13-37
108            <meta-data
108-->[androidx.credentials:credentials-play-services-auth:1.2.0-rc01] AndroidManifest.xml:29:13-31:104
109                android:name="androidx.credentials.CREDENTIAL_PROVIDER_KEY"
109-->[androidx.credentials:credentials-play-services-auth:1.2.0-rc01] AndroidManifest.xml:30:17-76
110                android:value="androidx.credentials.playservices.CredentialProviderPlayServicesImpl" />
110-->[androidx.credentials:credentials-play-services-auth:1.2.0-rc01] AndroidManifest.xml:31:17-101
111        </service>
112
113        <activity
113-->[androidx.credentials:credentials-play-services-auth:1.2.0-rc01] AndroidManifest.xml:34:9-41:20
114            android:name="androidx.credentials.playservices.HiddenActivity"
114-->[androidx.credentials:credentials-play-services-auth:1.2.0-rc01] AndroidManifest.xml:35:13-76
115            android:configChanges="orientation|screenSize|screenLayout|keyboardHidden"
115-->[androidx.credentials:credentials-play-services-auth:1.2.0-rc01] AndroidManifest.xml:36:13-87
116            android:enabled="true"
116-->[androidx.credentials:credentials-play-services-auth:1.2.0-rc01] AndroidManifest.xml:37:13-35
117            android:exported="false"
117-->[androidx.credentials:credentials-play-services-auth:1.2.0-rc01] AndroidManifest.xml:38:13-37
118            android:fitsSystemWindows="true"
118-->[androidx.credentials:credentials-play-services-auth:1.2.0-rc01] AndroidManifest.xml:39:13-45
119            android:theme="@style/Theme.Hidden" >
119-->[androidx.credentials:credentials-play-services-auth:1.2.0-rc01] AndroidManifest.xml:40:13-48
120        </activity>
121        <activity
121-->[com.google.android.gms:play-services-auth:20.7.0] AndroidManifest.xml:23:9-27:75
122            android:name="com.google.android.gms.auth.api.signin.internal.SignInHubActivity"
122-->[com.google.android.gms:play-services-auth:20.7.0] AndroidManifest.xml:24:13-93
123            android:excludeFromRecents="true"
123-->[com.google.android.gms:play-services-auth:20.7.0] AndroidManifest.xml:25:13-46
124            android:exported="false"
124-->[com.google.android.gms:play-services-auth:20.7.0] AndroidManifest.xml:26:13-37
125            android:theme="@android:style/Theme.Translucent.NoTitleBar" />
125-->[com.google.android.gms:play-services-auth:20.7.0] AndroidManifest.xml:27:13-72
126        <!--
127            Service handling Google Sign-In user revocation. For apps that do not integrate with
128            Google Sign-In, this service will never be started.
129        -->
130        <service
130-->[com.google.android.gms:play-services-auth:20.7.0] AndroidManifest.xml:33:9-37:51
131            android:name="com.google.android.gms.auth.api.signin.RevocationBoundService"
131-->[com.google.android.gms:play-services-auth:20.7.0] AndroidManifest.xml:34:13-89
132            android:exported="true"
132-->[com.google.android.gms:play-services-auth:20.7.0] AndroidManifest.xml:35:13-36
133            android:permission="com.google.android.gms.auth.api.signin.permission.REVOCATION_NOTIFICATION"
133-->[com.google.android.gms:play-services-auth:20.7.0] AndroidManifest.xml:36:13-107
134            android:visibleToInstantApps="true" />
134-->[com.google.android.gms:play-services-auth:20.7.0] AndroidManifest.xml:37:13-48
135
136        <provider
136-->[com.google.firebase:firebase-common:21.0.0] AndroidManifest.xml:23:9-28:39
137            android:name="com.google.firebase.provider.FirebaseInitProvider"
137-->[com.google.firebase:firebase-common:21.0.0] AndroidManifest.xml:24:13-77
138            android:authorities="com.example.easygo.firebaseinitprovider"
138-->[com.google.firebase:firebase-common:21.0.0] AndroidManifest.xml:25:13-72
139            android:directBootAware="true"
139-->[com.google.firebase:firebase-common:21.0.0] AndroidManifest.xml:26:13-43
140            android:exported="false"
140-->[com.google.firebase:firebase-common:21.0.0] AndroidManifest.xml:27:13-37
141            android:initOrder="100" />
141-->[com.google.firebase:firebase-common:21.0.0] AndroidManifest.xml:28:13-36
142
143        <activity
143-->[com.google.android.gms:play-services-base:18.0.1] AndroidManifest.xml:20:9-22:45
144            android:name="com.google.android.gms.common.api.GoogleApiActivity"
144-->[com.google.android.gms:play-services-base:18.0.1] AndroidManifest.xml:20:19-85
145            android:exported="false"
145-->[com.google.android.gms:play-services-base:18.0.1] AndroidManifest.xml:22:19-43
146            android:theme="@android:style/Theme.Translucent.NoTitleBar" />
146-->[com.google.android.gms:play-services-base:18.0.1] AndroidManifest.xml:21:19-78
147
148        <provider
148-->[androidx.emoji2:emoji2:1.2.0] AndroidManifest.xml:24:9-32:20
149            android:name="androidx.startup.InitializationProvider"
149-->[androidx.emoji2:emoji2:1.2.0] AndroidManifest.xml:25:13-67
150            android:authorities="com.example.easygo.androidx-startup"
150-->[androidx.emoji2:emoji2:1.2.0] AndroidManifest.xml:26:13-68
151            android:exported="false" >
151-->[androidx.emoji2:emoji2:1.2.0] AndroidManifest.xml:27:13-37
152            <meta-data
152-->[androidx.emoji2:emoji2:1.2.0] AndroidManifest.xml:29:13-31:52
153                android:name="androidx.emoji2.text.EmojiCompatInitializer"
153-->[androidx.emoji2:emoji2:1.2.0] AndroidManifest.xml:30:17-75
154                android:value="androidx.startup" />
154-->[androidx.emoji2:emoji2:1.2.0] AndroidManifest.xml:31:17-49
155            <meta-data
155-->[androidx.lifecycle:lifecycle-process:2.8.0] AndroidManifest.xml:29:13-31:52
156                android:name="androidx.lifecycle.ProcessLifecycleInitializer"
156-->[androidx.lifecycle:lifecycle-process:2.8.0] AndroidManifest.xml:30:17-78
157                android:value="androidx.startup" />
157-->[androidx.lifecycle:lifecycle-process:2.8.0] AndroidManifest.xml:31:17-49
158            <meta-data
158-->[androidx.profileinstaller:profileinstaller:1.3.1] AndroidManifest.xml:29:13-31:52
159                android:name="androidx.profileinstaller.ProfileInstallerInitializer"
159-->[androidx.profileinstaller:profileinstaller:1.3.1] AndroidManifest.xml:30:17-85
160                android:value="androidx.startup" />
160-->[androidx.profileinstaller:profileinstaller:1.3.1] AndroidManifest.xml:31:17-49
161        </provider>
162
163        <meta-data
163-->[com.google.android.gms:play-services-basement:18.3.0] AndroidManifest.xml:21:9-23:69
164            android:name="com.google.android.gms.version"
164-->[com.google.android.gms:play-services-basement:18.3.0] AndroidManifest.xml:22:13-58
165            android:value="@integer/google_play_services_version" />
165-->[com.google.android.gms:play-services-basement:18.3.0] AndroidManifest.xml:23:13-66
166
167        <receiver
167-->[androidx.profileinstaller:profileinstaller:1.3.1] AndroidManifest.xml:34:9-52:20
168            android:name="androidx.profileinstaller.ProfileInstallReceiver"
168-->[androidx.profileinstaller:profileinstaller:1.3.1] AndroidManifest.xml:35:13-76
169            android:directBootAware="false"
169-->[androidx.profileinstaller:profileinstaller:1.3.1] AndroidManifest.xml:36:13-44
170            android:enabled="true"
170-->[androidx.profileinstaller:profileinstaller:1.3.1] AndroidManifest.xml:37:13-35
171            android:exported="true"
171-->[androidx.profileinstaller:profileinstaller:1.3.1] AndroidManifest.xml:38:13-36
172            android:permission="android.permission.DUMP" >
172-->[androidx.profileinstaller:profileinstaller:1.3.1] AndroidManifest.xml:39:13-57
173            <intent-filter>
173-->[androidx.profileinstaller:profileinstaller:1.3.1] AndroidManifest.xml:40:13-42:29
174                <action android:name="androidx.profileinstaller.action.INSTALL_PROFILE" />
174-->[androidx.profileinstaller:profileinstaller:1.3.1] AndroidManifest.xml:41:17-91
174-->[androidx.profileinstaller:profileinstaller:1.3.1] AndroidManifest.xml:41:25-88
175            </intent-filter>
176            <intent-filter>
176-->[androidx.profileinstaller:profileinstaller:1.3.1] AndroidManifest.xml:43:13-45:29
177                <action android:name="androidx.profileinstaller.action.SKIP_FILE" />
177-->[androidx.profileinstaller:profileinstaller:1.3.1] AndroidManifest.xml:44:17-85
177-->[androidx.profileinstaller:profileinstaller:1.3.1] AndroidManifest.xml:44:25-82
178            </intent-filter>
179            <intent-filter>
179-->[androidx.profileinstaller:profileinstaller:1.3.1] AndroidManifest.xml:46:13-48:29
180                <action android:name="androidx.profileinstaller.action.SAVE_PROFILE" />
180-->[androidx.profileinstaller:profileinstaller:1.3.1] AndroidManifest.xml:47:17-88
180-->[androidx.profileinstaller:profileinstaller:1.3.1] AndroidManifest.xml:47:25-85
181            </intent-filter>
182            <intent-filter>
182-->[androidx.profileinstaller:profileinstaller:1.3.1] AndroidManifest.xml:49:13-51:29
183                <action android:name="androidx.profileinstaller.action.BENCHMARK_OPERATION" />
183-->[androidx.profileinstaller:profileinstaller:1.3.1] AndroidManifest.xml:50:17-95
183-->[androidx.profileinstaller:profileinstaller:1.3.1] AndroidManifest.xml:50:25-92
184            </intent-filter>
185        </receiver>
186    </application>
187
188</manifest>